<?xml version="1.0" encoding="UTF-8" standalone="yes"?><world><name>CapitalismCraft</name><logo>MrWorldWide.png</logo><money>100.0</money><score>0.0</score><totalangels>0.0</totalangels><activeangels>0.0</activeangels><angelbonus>0</angelbonus><lastupdate>1592571519294</lastupdate><products><product><id>1</id><name>Wheat</name><logo>wheat.png</logo><cout>4.0</cout><croissance>1.07</croissance><revenu>1.0</revenu><vitesse>500</vitesse><quantite>0</quantite><timeleft>0</timeleft><managerUnlocked>false</managerUnlocked><palliers><pallier><name>Fermier</name><logo>string</logo><seuil>50.0</seuil><idcible>1</idcible><ratio>2.0</ratio><typeratio>vitesse</typeratio><unlocked>false</unlocked></pallier><pallier><name>Exploitant</name><logo>string</logo><seuil>500.0</seuil><idcible>1</idcible><ratio>2.0</ratio><typeratio>gain</typeratio><unlocked>false</unlocked></pallier><pallier><name>Cargill</name><logo>string</logo><seuil>5000.0</seuil><idcible>1</idcible><ratio>15.0</ratio><typeratio>ange</typeratio><unlocked>false</unlocked></pallier></palliers></product><product><id>2</id><name>Leather</name><logo>leather.png</logo><cout>60.0</cout><croissance>1.15</croissance><revenu>60.0</revenu><vitesse>3000</vitesse><quantite>0</quantite><timeleft>0</timeleft><managerUnlocked>false</managerUnlocked><palliers><pallier><name>Braconnier</name><logo>string</logo><seuil>50.0</seuil><idcible>1</idcible><ratio>2.0</ratio><typeratio>vitesse</typeratio><unlocked>false</unlocked></pallier><pallier><name>Tanneur</name><logo>string</logo><seuil>500.0</seuil><idcible>1</idcible><ratio>2.0</ratio><typeratio>gain</typeratio><unlocked>false</unlocked></pallier><pallier><name>LVMH</name><logo>string</logo><seuil>1000.0</seuil><idcible>1</idcible><ratio>15.0</ratio><typeratio>ange</typeratio><unlocked>false</unlocked></pallier></palliers></product><product><id>3</id><name>Iron</name><logo>iron.png</logo><cout>720.0</cout><croissance>1.14</croissance><revenu>540.0</revenu><vitesse>6000</vitesse><quantite>0</quantite><timeleft>0</timeleft><managerUnlocked>false</managerUnlocked><palliers><pallier><name>Braconnier</name><logo>string</logo><seuil>50.0</seuil><idcible>1</idcible><ratio>2.0</ratio><typeratio>vitesse</typeratio><unlocked>false</unlocked></pallier><pallier><name>Tanneur</name><logo>string</logo><seuil>500.0</seuil><idcible>1</idcible><ratio>2.0</ratio><typeratio>gain</typeratio><unlocked>false</unlocked></pallier><pallier><name>LVMH</name><logo>string</logo><seuil>1000.0</seuil><idcible>1</idcible><ratio>15.0</ratio><typeratio>ange</typeratio><unlocked>false</unlocked></pallier></palliers></product><product><id>4</id><name>Or</name><logo>string</logo><cout>8640.0</cout><croissance>0.0</croissance><revenu>4320.0</revenu><vitesse>12000</vitesse><quantite>0</quantite><timeleft>0</timeleft><managerUnlocked>false</managerUnlocked><palliers><pallier><name>Prospecteur d'or</name><logo>string</logo><seuil>50.0</seuil><idcible>4</idcible><ratio>1.05</ratio><typeratio>gain</typeratio><unlocked>true</unlocked></pallier><pallier><name>Negociant d'or</name><logo>string</logo><seuil>100.0</seuil><idcible>4</idcible><ratio>1.1</ratio><typeratio>gain</typeratio><unlocked>true</unlocked></pallier><pallier><name>Cartier</name><logo>string</logo><seuil>500.0</seuil><idcible>4</idcible><ratio>1.15</ratio><typeratio>gain</typeratio><unlocked>true</unlocked></pallier></palliers></product><product><id>5</id><name>Ender pearl</name><logo>enderpearl.png</logo><cout>103680.0</cout><croissance>0.0</croissance><revenu>51840.0</revenu><vitesse>24000</vitesse><quantite>0</quantite><timeleft>0</timeleft><managerUnlocked>false</managerUnlocked><palliers><pallier><name>Ender explorer</name><logo>string</logo><seuil>50.0</seuil><idcible>4</idcible><ratio>1.05</ratio><typeratio>gain</typeratio><unlocked>true</unlocked></pallier><pallier><name>Ender hunter</name><logo>string</logo><seuil>100.0</seuil><idcible>4</idcible><ratio>1.1</ratio><typeratio>gain</typeratio><unlocked>true</unlocked></pallier><pallier><name>Boucheron</name><logo>string</logo><seuil>500.0</seuil><idcible>4</idcible><ratio>1.15</ratio><typeratio>gain</typeratio><unlocked>true</unlocked></pallier></palliers></product><product><id>6</id><name>Diamond</name><logo>diamond.png</logo><cout>1255000.0</cout><croissance>1.11</croissance><revenu>650000.0</revenu><vitesse>96000</vitesse><quantite>0</quantite><timeleft>0</timeleft><managerUnlocked>false</managerUnlocked><palliers><pallier><name>Diamond miner</name><logo>string</logo><seuil>50.0</seuil><idcible>4</idcible><ratio>1.05</ratio><typeratio>gain</typeratio><unlocked>true</unlocked></pallier><pallier><name>Diamond merchant</name><logo>string</logo><seuil>100.0</seuil><idcible>4</idcible><ratio>1.1</ratio><typeratio>gain</typeratio><unlocked>true</unlocked></pallier><pallier><name>Tiffany and Co</name><logo>string</logo><seuil>500.0</seuil><idcible>4</idcible><ratio>1.15</ratio><typeratio>gain</typeratio><unlocked>true</unlocked></pallier></palliers></product></products><allunlocks><pallier><name>string</name><logo>string</logo><seuil>1.051732E7</seuil><idcible>3</idcible><ratio>1.051732E7</ratio><typeratio>ange</typeratio><unlocked>false</unlocked></pallier></allunlocks><upgrades><pallier><name>Elevage intensif</name><logo>string</logo><seuil>300.0</seuil><idcible>1</idcible><ratio>1.15</ratio><typeratio>vitesse</typeratio><unlocked>false</unlocked></pallier><pallier><name>Usine</name><logo>string</logo><seuil>750.0</seuil><idcible>1</idcible><ratio>1.15</ratio><typeratio>vitesse</typeratio><unlocked>false</unlocked></pallier><pallier><name>Dynamite</name><logo>string</logo><seuil>60.0</seuil><idcible>4</idcible><ratio>1.1</ratio><typeratio>vitesse</typeratio><unlocked>false</unlocked></pallier><pallier><name>Foreuse</name><logo>string</logo><seuil>250.0</seuil><idcible>4</idcible><ratio>1.15</ratio><typeratio>vitesse</typeratio><unlocked>false</unlocked></pallier></upgrades><angelupgrades><pallier><name>Artisan reconnu</name><logo>string</logo><seuil>10.0</seuil><idcible>1</idcible><ratio>1.15</ratio><typeratio>gain</typeratio><unlocked>false</unlocked></pallier></angelupgrades><managers><pallier><name>Louis Vuitton</name><logo>string</logo><seuil>100000.0</seuil><idcible>1</idcible><ratio>1.15</ratio><typeratio>gain</typeratio><unlocked>false</unlocked></pallier><pallier><name>Chaplin</name><logo>string</logo><seuil>500000.0</seuil><idcible>4</idcible><ratio>1.1</ratio><typeratio>vitesse</typeratio><unlocked>false</unlocked></pallier></managers></world>